<?xml version="1.0" encoding="UTF-8"?>
<testsuite xmlns:xsi="http://www.w3.org/2001/XMLSchema-instance" xsi:noNamespaceSchemaLocation="https://maven.apache.org/surefire/maven-surefire-plugin/xsd/surefire-test-report-3.0.xsd" version="3.0" name="testRunner.TestRunner" time="31.443" tests="1" errors="0" skipped="0" failures="1">
  <properties>
[...]
</properties>
  <testcase name="feature" classname="testRunner.TestRunner" time="28.172">
    <failure message="java.lang.NullPointerException" type="cucumber.runtime.CucumberException">cucumber.runtime.CucumberException: java.lang.NullPointerException
	at testRunner.TestRunner.feature(TestRunner.java:31)
Caused by: java.lang.NullPointerException
</failure>
    <system-out><![CDATA[Feature: Very Products in cart
  As a very Customer
  I want to log into my account and search for a product
  And I want to be able to add the product into the basket

  Background: Given am on very login page &amp#27;[90m# features/v_cart.feature:6&amp#27;[0m

  Scenario: Log into my very account                                         &amp#27;[90m# features/v_cart.feature:8&amp#27;[0m
    &amp#27;[32mWhen &amp#27;[0m&amp#27;[32mI enter "&amp#27;[0m&amp#27;[32m&amp#27;[1mslidefix@gmail.com&amp#27;[0m&amp#27;[32m" as username and "&amp#27;[0m&amp#27;[32m&amp#27;[1mPassword&amp#27;[0m&amp#27;[32m" as password&amp#27;[0m &amp#27;[90m# v_cart.i_enter_as_username_and_as_password(String,String)&amp#27;[0m
    &amp#27;[32mAnd &amp#27;[0m&amp#27;[32mI enter "&amp#27;[0m&amp#27;[32m&amp#27;[1mSE16 3LX&amp#27;[0m&amp#27;[32m" as postcode&amp#27;[0m                                       &amp#27;[90m# v_cart.i_enter_as_postcode(String)&amp#27;[0m
    &amp#27;[32mAnd &amp#27;[0m&amp#27;[32mI click on Sign in button&amp#27;[0m                                            &amp#27;[90m# v_cart.i_click_on_Sign_in_button()&amp#27;[0m
    &amp#27;[33mThen &amp#27;[0m&amp#27;[33mI should be successfully logged in&amp#27;[0m

  Background: Given am on very login page &amp#27;[90m# features/v_cart.feature:6&amp#27;[0m

  Scenario: Search for a product and add it to my basket       &amp#27;[90m# features/v_cart.feature:14&amp#27;[0m
    &amp#27;[31mWhen &amp#27;[0m&amp#27;[31mI search for "&amp#27;[0m&amp#27;[31m&amp#27;[1mNRCQW15&amp#27;[0m&amp#27;[31m" using the search bar&amp#27;[0m           &amp#27;[90m# v_cart.i_search_for_using_the_search_bar(String)&amp#27;[0m
      &amp#27;[31mjava.lang.NullPointerException
      	at stepDefinition.v_cart.i_search_for_using_the_search_bar(v_cart.java:44)
      	at ?.When I search for "NRCQW15" using the search bar(features/v_cart.feature:15)
      &amp#27;[0m
    &amp#27;[36mAnd &amp#27;[0m&amp#27;[36mI click on the search button&amp#27;[0m                           &amp#27;[90m# v_cart.i_click_on_the_search_button()&amp#27;[0m
    &amp#27;[36mThen &amp#27;[0m&amp#27;[36ma product with the product number should be displayed&amp#27;[0m &amp#27;[90m# v_cart.a_product_with_the_product_number_should_be_displayed()&amp#27;[0m

  Background: Given am on very login page &amp#27;[90m# features/v_cart.feature:6&amp#27;[0m

  Scenario: Adding product to the basket                                   &amp#27;[90m# features/v_cart.feature:19&amp#27;[0m
    &amp#27;[32mWhen &amp#27;[0m&amp#27;[32mI select No Mobile Phone Insurance&amp#27;[0m                                &amp#27;[90m# v_cart.i_select_No_Mobile_Phone_Insurance()&amp#27;[0m
    &amp#27;[32mAnd &amp#27;[0m&amp#27;[32mI click on the ADD TO BASKET button&amp#27;[0m                                &amp#27;[90m# v_cart.i_click_on_the_ADD_TO_BASKET_button()&amp#27;[0m
    &amp#27;[32mAnd &amp#27;[0m&amp#27;[32mI click on the GO TO BASKET button&amp#27;[0m                                 &amp#27;[90m# v_cart.i_click_on_the_GO_TO_BASKET_button()&amp#27;[0m
    &amp#27;[32mThen &amp#27;[0m&amp#27;[32mI should be taken to the basket page with the selected item in it&amp#27;[0m &amp#27;[90m# v_cart.i_should_be_taken_to_the_basket_page_with_the_selected_item_in_it()&amp#27;[0m

  Background: Given am on very login page &amp#27;[90m# features/v_cart.feature:6&amp#27;[0m

  Scenario: Checkout process                                       &amp#27;[90m# features/v_cart.feature:25&amp#27;[0m
    &amp#27;[32mWhen &amp#27;[0m&amp#27;[32mI click on CHECKOUT SECURELY button&amp#27;[0m                       &amp#27;[90m# v_cart.i_click_on_CHECKOUT_SECURELY_button()&amp#27;[0m
    &amp#27;[32mAnd &amp#27;[0m&amp#27;[32mI click continue on the delivery page&amp#27;[0m                      &amp#27;[90m# v_cart.i_click_continue_on_the_delivery_page()&amp#27;[0m
    &amp#27;[32mAnd &amp#27;[0m&amp#27;[32mI click pay in full in the payment page&amp#27;[0m                    &amp#27;[90m# v_cart.i_click_pay_in_full_in_the_payment_page()&amp#27;[0m
    &amp#27;[32mAnd &amp#27;[0m&amp#27;[32mI select New credit/debit card and I click continue button&amp#27;[0m &amp#27;[90m# v_cart.i_select_New_credit_debit_card_and_I_click_continue_button()&amp#27;[0m
    &amp#27;[32mAnd &amp#27;[0m&amp#27;[32mI select Yes to both questions on the following page&amp#27;[0m       &amp#27;[90m# v_cart.i_select_Yes_to_both_questions_on_the_following_page()&amp#27;[0m
    &amp#27;[32mAnd &amp#27;[0m&amp#27;[32mI click pay now button&amp#27;[0m                                     &amp#27;[90m# v_cart.i_click_pay_now_button()&amp#27;[0m
    &amp#27;[32mThen &amp#27;[0m&amp#27;[32mI should be taken to Payment Details page&amp#27;[0m                 &amp#27;[90m# v_cart.i_should_be_taken_to_Payment_Details_page()&amp#27;[0m

  Background: Given am on very login page &amp#27;[90m# features/v_cart.feature:6&amp#27;[0m

  Scenario: Failed checkout                                 &amp#27;[90m# features/v_cart.feature:34&amp#27;[0m
    &amp#27;[32mWhen &amp#27;[0m&amp#27;[32mI enter wrong card details into the Details fields&amp#27;[0m &amp#27;[90m# v_cart.i_enter_wrong_card_details_into_the_Details_fields()&amp#27;[0m
    &amp#27;[32mThen &amp#27;[0m&amp#27;[32mpayment process should fail&amp#27;[0m                        &amp#27;[90m# v_cart.payment_process_should_fail()&amp#27;[0m
]]></system-out>
    <system-err><![CDATA[Starting ChromeDriver 2.46.628402 (536cd7adbad73a3783fdc2cab92ab2ba7ec361e1) on port 42201
Only local connections are allowed.
Please protect ports used by ChromeDriver and related test frameworks to prevent access by malicious code.
Jun 06, 2019 5:37:11 AM org.openqa.selenium.remote.ProtocolHandshake createSession
INFO: Attempting bi-dialect session, assuming Postel's Law holds true on the remote end
Jun 06, 2019 5:37:14 AM org.openqa.selenium.remote.ProtocolHandshake createSession
INFO: Detected dialect: OSS
]]></system-err>
  </testcase>
</testsuite>