-------------------------------------------------------------------------------
Test set: testRunner.TestRunner
-------------------------------------------------------------------------------
Tests run: 1, Failures: 1, Errors: 0, Skipped: 0, Time elapsed: 31.443 s <<< FAILURE! - in testRunner.TestRunner
feature(testRunner.TestRunner)  Time elapsed: 28.172 s  <<< FAILURE!
cucumber.runtime.CucumberException: java.lang.NullPointerException
	at testRunner.TestRunner.feature(TestRunner.java:31)
Caused by: java.lang.NullPointerException

